{
  "RSpec": {
    "coverage": {
      "/Users/lolaadekunle/Desktop/Devbootcamp/Smiling-Wasabi/app/helpers/application_helper.rb": [
        1,
        null
      ],
      "/Users/lolaadekunle/Desktop/Devbootcamp/Smiling-Wasabi/app/helpers/sessions_helper.rb": [
        1,
        null
      ],
      "/Users/lolaadekunle/Desktop/Devbootcamp/Smiling-Wasabi/app/helpers/users_helper.rb": [
        1,
        null
      ],
      "/Users/lolaadekunle/Desktop/Devbootcamp/Smiling-Wasabi/app/controllers/films_controller.rb": [
        1,
        null,
        1,
        null,
        null
      ],
      "/Users/lolaadekunle/Desktop/Devbootcamp/Smiling-Wasabi/app/controllers/application_controller.rb": [
        1,
        null,
        null,
        1,
        null,
        1,
        0,
        null,
        null,
        1,
        null,
        1,
        0,
        null,
        null
      ],
      "/Users/lolaadekunle/Desktop/Devbootcamp/Smiling-Wasabi/app/controllers/sessions_controller.rb": [
        1,
        1,
        null,
        null,
        null,
        1,
        0,
        0,
        0,
        0,
        null,
        0,
        null,
        null,
        null,
        1,
        0,
        0,
        null,
        null
      ],
      "/Users/lolaadekunle/Desktop/Devbootcamp/Smiling-Wasabi/app/models/film.rb": [
        1,
        null,
        null
      ]
    },
    "timestamp": 1436880656
  }
}
