{
  "RSpec": {
    "coverage": {
      "/Users/devbootcamp/bootcamp/smiling-wasabi/app/helpers/application_helper.rb": [
        1,
        null
      ],
      "/Users/devbootcamp/bootcamp/smiling-wasabi/app/helpers/sessions_helper.rb": [
        1,
        null
      ],
      "/Users/devbootcamp/bootcamp/smiling-wasabi/app/helpers/users_helper.rb": [
        1,
        null
      ],
      "/Users/devbootcamp/bootcamp/smiling-wasabi/app/controllers/films_controller.rb": [

        1,
        null,
        1,
        1,
        null,
        null
      ],
      "/Users/devbootcamp/bootcamp/smiling-wasabi/app/controllers/application_controller.rb": [
        1,
        null,
        null,
        1,
        null,
        1,
        0,
        null,
        null,
        1,
        null,
        1,
        0,
        null,
        null,
        1,
        0,
        0,
        null,
        null
      ],
      "/home/ben/DevBootcamp/phase-3/Team-Wasabi-Film-Studio/app/models/film.rb": [
        1,
        1,
        1,
        null
      ],
      "/home/ben/DevBootcamp/phase-3/Team-Wasabi-Film-Studio/app/models/genre.rb": [
        1,
        1,
        1,
        null
      ]
    },
    "timestamp": 1436883557
  }
}
